# JRE version: Java(TM) SE Runtime Environment (21.0.8+12) (build 21.0.8+12-LTS-250)
# Java VM: Java HotSpot(TM) 64-Bit Server VM (21.0.8+12-LTS-250, mixed mode, sharing, tiered, compressed oops, compressed class ptrs, g1 gc, windows-amd64)
GC Precious Log:
 CardTable entry size: 512
 Card Set container configuration: InlinePtr #cards 5 size 8 Array Of Cards #cards 12 size 40 Howl #buckets 4 coarsen threshold 1843 Howl Bitmap #cards 512 size 80 coarsen threshold 460 Card regions per heap region 1 cards per card region 2048
 CPUs: 16 total, 16 available
 Memory: 16293M
 Large Page Support: Disabled
 NUMA Support: Disabled
 Compressed Oops: Enabled (32-bit)
 Heap Region Size: 1M
 Heap Min Capacity: 256M
 Heap Initial Capacity: 256M
 Heap Max Capacity: 512M
 Pre-touch: Disabled
 Parallel Workers: 13
 Concurrent Workers: 3
 Concurrent Refinement Workers: 13
 Periodic GC: Disabled
Heap:
 garbage-first heap   total 271360K, used 243383K [0x00000000e0000000, 0x0000000100000000)
  region size 1024K, 101 young (103424K), 12 survivors (12288K)
 Metaspace       used 136937K, committed 139776K, reserved 458752K
  class space    used 18182K, committed 19648K, reserved 327680K
GC Heap History (20 events):
Event: 6.918 GC heap after
{Heap after GC invocations=10 (full 0):
 garbage-first heap   total 262144K, used 95625K [0x00000000e0000000, 0x0000000100000000)
  region size 1024K, 10 young (10240K), 10 survivors (10240K)
 Metaspace       used 55318K, committed 57088K, reserved 393216K
  class space    used 7675K, committed 8576K, reserved 327680K
}
Event: 7.111 GC heap before
{Heap before GC invocations=10 (full 0):
 garbage-first heap   total 262144K, used 110985K [0x00000000e0000000, 0x0000000100000000)
  region size 1024K, 26 young (26624K), 10 survivors (10240K)
 Metaspace       used 58515K, committed 60288K, reserved 393216K
  class space    used 8460K, committed 9344K, reserved 327680K
}
Event: 7.114 GC heap after
{Heap after GC invocations=11 (full 0):
 garbage-first heap   total 262144K, used 95769K [0x00000000e0000000, 0x0000000100000000)
  region size 1024K, 10 young (10240K), 10 survivors (10240K)
 Metaspace       used 58515K, committed 60288K, reserved 393216K
  class space    used 8460K, committed 9344K, reserved 327680K
}
Event: 8.325 GC heap before
{Heap before GC invocations=12 (full 0):
 garbage-first heap   total 262144K, used 244249K [0x00000000e0000000, 0x0000000100000000)
  region size 1024K, 148 young (151552K), 10 survivors (10240K)
 Metaspace       used 74731K, committed 76608K, reserved 393216K
  class space    used 10485K, committed 11392K, reserved 327680K
}
Event: 8.331 GC heap after
{Heap after GC invocations=13 (full 0):
 garbage-first heap   total 264192K, used 111858K [0x00000000e0000000, 0x0000000100000000)
  region size 1024K, 19 young (19456K), 19 survivors (19456K)
 Metaspace       used 74731K, committed 76608K, reserved 393216K
  class space    used 10485K, committed 11392K, reserved 327680K
}
Event: 9.275 GC heap before
{Heap before GC invocations=13 (full 0):
 garbage-first heap   total 264192K, used 237810K [0x00000000e0000000, 0x0000000100000000)
  region size 1024K, 134 young (137216K), 19 survivors (19456K)
 Metaspace       used 86559K, committed 88704K, reserved 458752K
  class space    used 11742K, committed 12800K, reserved 327680K
}
Event: 9.285 GC heap after
{Heap after GC invocations=14 (full 0):
 garbage-first heap   total 271360K, used 123994K [0x00000000e0000000, 0x0000000100000000)
  region size 1024K, 17 young (17408K), 17 survivors (17408K)
 Metaspace       used 86559K, committed 88704K, reserved 458752K
  class space    used 11742K, committed 12800K, reserved 327680K
}
Event: 10.288 GC heap before
{Heap before GC invocations=14 (full 0):
 garbage-first heap   total 271360K, used 239706K [0x00000000e0000000, 0x0000000100000000)
  region size 1024K, 129 young (132096K), 17 survivors (17408K)
 Metaspace       used 96256K, committed 98496K, reserved 458752K
  class space    used 12919K, committed 14016K, reserved 327680K
}
Event: 10.295 GC heap after
{Heap after GC invocations=15 (full 0):
 garbage-first heap   total 271360K, used 134566K [0x00000000e0000000, 0x0000000100000000)
  region size 1024K, 9 young (9216K), 9 survivors (9216K)
 Metaspace       used 96256K, committed 98496K, reserved 458752K
  class space    used 12919K, committed 14016K, reserved 327680K
}
Event: 10.571 GC heap before
{Heap before GC invocations=15 (full 0):
 garbage-first heap   total 271360K, used 161190K [0x00000000e0000000, 0x0000000100000000)
  region size 1024K, 36 young (36864K), 9 survivors (9216K)
 Metaspace       used 98803K, committed 101056K, reserved 458752K
  class space    used 13230K, committed 14336K, reserved 327680K
}
Event: 10.574 GC heap after
{Heap after GC invocations=16 (full 0):
 garbage-first heap   total 271360K, used 135151K [0x00000000e0000000, 0x0000000100000000)
  region size 1024K, 10 young (10240K), 10 survivors (10240K)
 Metaspace       used 98803K, committed 101056K, reserved 458752K
  class space    used 13230K, committed 14336K, reserved 327680K
}
Event: 11.606 GC heap before
{Heap before GC invocations=17 (full 0):
 garbage-first heap   total 271360K, used 244719K [0x00000000e0000000, 0x0000000100000000)
  region size 1024K, 118 young (120832K), 10 survivors (10240K)
 Metaspace       used 113560K, committed 115840K, reserved 458752K
  class space    used 14709K, committed 15808K, reserved 327680K
}
Event: 11.610 GC heap after
{Heap after GC invocations=18 (full 0):
 garbage-first heap   total 271360K, used 140362K [0x00000000e0000000, 0x0000000100000000)
  region size 1024K, 8 young (8192K), 8 survivors (8192K)
 Metaspace       used 113560K, committed 115840K, reserved 458752K
  class space    used 14709K, committed 15808K, reserved 327680K
}
Event: 12.727 GC heap before
{Heap before GC invocations=18 (full 0):
 garbage-first heap   total 271360K, used 248906K [0x00000000e0000000, 0x0000000100000000)
  region size 1024K, 113 young (115712K), 8 survivors (8192K)
 Metaspace       used 124745K, committed 127360K, reserved 458752K
  class space    used 16431K, committed 17728K, reserved 327680K
}
Event: 12.732 GC heap after
{Heap after GC invocations=19 (full 0):
 garbage-first heap   total 271360K, used 139463K [0x00000000e0000000, 0x0000000100000000)
  region size 1024K, 13 young (13312K), 13 survivors (13312K)
 Metaspace       used 124745K, committed 127360K, reserved 458752K
  class space    used 16431K, committed 17728K, reserved 327680K
}
Event: 13.970 GC heap before
{Heap before GC invocations=19 (full 0):
 garbage-first heap   total 271360K, used 241863K [0x00000000e0000000, 0x0000000100000000)
  region size 1024K, 114 young (116736K), 13 survivors (13312K)
 Metaspace       used 133077K, committed 135808K, reserved 458752K
  class space    used 17654K, committed 19008K, reserved 327680K
}
Event: 13.977 GC heap after
{Heap after GC invocations=20 (full 0):
 garbage-first heap   total 271360K, used 146306K [0x00000000e0000000, 0x0000000100000000)
  region size 1024K, 13 young (13312K), 13 survivors (13312K)
 Metaspace       used 133077K, committed 135808K, reserved 458752K
  class space    used 17654K, committed 19008K, reserved 327680K
}
Event: 15.418 GC heap before
{Heap before GC invocations=21 (full 0):
 garbage-first heap   total 271360K, used 241538K [0x00000000e0000000, 0x0000000100000000)
  region size 1024K, 107 young (109568K), 13 survivors (13312K)
 Metaspace       used 133078K, committed 135808K, reserved 458752K
  class space    used 17655K, committed 19008K, reserved 327680K
}
Event: 15.423 GC heap after
{Heap after GC invocations=22 (full 0):
 garbage-first heap   total 271360K, used 152247K [0x00000000e0000000, 0x0000000100000000)
  region size 1024K, 13 young (13312K), 13 survivors (13312K)
 Metaspace       used 133078K, committed 135808K, reserved 458752K
  class space    used 17655K, committed 19008K, reserved 327680K
}
Event: 570.363 GC heap before
{Heap before GC invocations=22 (full 0):
 garbage-first heap   total 271360K, used 242359K [0x00000000e0000000, 0x0000000100000000)
  region size 1024K, 102 young (104448K), 13 survivors (13312K)
 Metaspace       used 136937K, committed 139776K, reserved 458752K
  class space    used 18182K, committed 19648K, reserved 327680K
}

